2018-10-01 11:20:09,174 [Worker-3] INFO  o.e.m.c.i.l.LifecycleMappingFactory - Using org.eclipse.m2e.jdt.JarLifecycleMapping lifecycle mapping for MavenProject: FirstMavenDemo:FirstMavenDemo:0.0.1-SNAPSHOT @ D:\gitdemo\FirstMavenDemo\pom.xml.
2018-10-01 11:20:09,769 [Worker-3] INFO  o.e.m.j.i.AbstractJavaProjectConfigurator - Adding source folder /FirstMavenDemo/src/main/java
2018-10-01 11:20:09,769 [Worker-3] INFO  o.e.m.j.i.AbstractJavaProjectConfigurator - Adding resource folder /FirstMavenDemo/src/main/resources
2018-10-01 11:20:09,769 [Worker-3] INFO  o.e.m.j.i.AbstractJavaProjectConfigurator - Adding source folder /FirstMavenDemo/src/test/java
2018-10-01 11:20:09,785 [Worker-3] INFO  o.e.m.j.i.AbstractJavaProjectConfigurator - Adding resource folder /FirstMavenDemo/src/test/resources
2018-10-01 11:20:10,851 [Worker-7] INFO  o.e.m.c.i.l.LifecycleMappingFactory - Using org.eclipse.m2e.jdt.JarLifecycleMapping lifecycle mapping for MavenProject: FirstMavenDemo:FirstMavenDemo:0.0.1-SNAPSHOT @ D:\gitdemo\FirstMavenDemo\pom.xml.
2018-10-01 11:20:11,725 [Worker-5] INFO  o.e.m.c.i.l.LifecycleMappingFactory - Using org.eclipse.m2e.jdt.JarLifecycleMapping lifecycle mapping for MavenProject: FirstMavenDemo:FirstMavenDemo:0.0.1-SNAPSHOT @ D:\gitdemo\FirstMavenDemo\pom.xml.
2018-10-01 11:20:11,881 [Worker-5] WARN  o.e.m.c.i.embedder.EclipseLogger - Using platform encoding (Cp1252 actually) to copy filtered resources, i.e. build is platform dependent!
2018-10-01 11:20:11,881 [Worker-5] INFO  o.e.m.c.i.embedder.EclipseLogger - Copying 0 resource
2018-10-01 11:20:11,896 [Worker-5] WARN  o.e.m.c.i.embedder.EclipseLogger - Using platform encoding (Cp1252 actually) to copy filtered resources, i.e. build is platform dependent!
2018-10-01 11:20:11,896 [Worker-5] INFO  o.e.m.c.i.embedder.EclipseLogger - Copying 0 resource
2018-10-01 11:29:23,135 [Worker-6] INFO  o.e.m.c.i.l.LifecycleMappingFactory - Using org.eclipse.m2e.jdt.JarLifecycleMapping lifecycle mapping for MavenProject: com.cg.FirstMavenDemo:com.cg.FirstMavenDemo:0.0.1-SNAPSHOT @ D:\gitdemo\com.cg.FirstMavenDemo\pom.xml.
2018-10-01 11:29:23,384 [Worker-6] INFO  o.e.m.j.i.AbstractJavaProjectConfigurator - Adding source folder /com.cg.FirstMavenDemo/src/main/java
2018-10-01 11:29:23,384 [Worker-6] INFO  o.e.m.j.i.AbstractJavaProjectConfigurator - Adding resource folder /com.cg.FirstMavenDemo/src/main/resources
2018-10-01 11:29:23,384 [Worker-6] INFO  o.e.m.j.i.AbstractJavaProjectConfigurator - Adding source folder /com.cg.FirstMavenDemo/src/test/java
2018-10-01 11:29:23,384 [Worker-6] INFO  o.e.m.j.i.AbstractJavaProjectConfigurator - Adding resource folder /com.cg.FirstMavenDemo/src/test/resources
2018-10-01 11:29:23,712 [Worker-2] INFO  o.e.m.c.i.l.LifecycleMappingFactory - Using org.eclipse.m2e.jdt.JarLifecycleMapping lifecycle mapping for MavenProject: com.cg.FirstMavenDemo:com.cg.FirstMavenDemo:0.0.1-SNAPSHOT @ D:\gitdemo\com.cg.FirstMavenDemo\pom.xml.
2018-10-01 11:29:23,852 [Worker-2] WARN  o.e.m.c.i.embedder.EclipseLogger - Using platform encoding (Cp1252 actually) to copy filtered resources, i.e. build is platform dependent!
2018-10-01 11:29:23,852 [Worker-2] INFO  o.e.m.c.i.embedder.EclipseLogger - Copying 0 resource
2018-10-01 11:29:23,852 [Worker-2] WARN  o.e.m.c.i.embedder.EclipseLogger - Using platform encoding (Cp1252 actually) to copy filtered resources, i.e. build is platform dependent!
2018-10-01 11:29:23,852 [Worker-2] INFO  o.e.m.c.i.embedder.EclipseLogger - Copying 0 resource
2018-10-01 11:29:24,585 [Worker-5] INFO  o.e.m.c.i.l.LifecycleMappingFactory - Using org.eclipse.m2e.jdt.JarLifecycleMapping lifecycle mapping for MavenProject: com.cg.FirstMavenDemo:com.cg.FirstMavenDemo:0.0.1-SNAPSHOT @ D:\gitdemo\com.cg.FirstMavenDemo\pom.xml.
2018-10-01 11:29:24,882 [Worker-6] WARN  o.e.m.c.i.embedder.EclipseLogger - Using platform encoding (Cp1252 actually) to copy filtered resources, i.e. build is platform dependent!
2018-10-01 11:29:24,882 [Worker-6] INFO  o.e.m.c.i.embedder.EclipseLogger - Copying 0 resource
2018-10-01 11:29:24,882 [Worker-6] WARN  o.e.m.c.i.embedder.EclipseLogger - Using platform encoding (Cp1252 actually) to copy filtered resources, i.e. build is platform dependent!
2018-10-01 11:29:24,882 [Worker-6] INFO  o.e.m.c.i.embedder.EclipseLogger - Copying 0 resource
2018-10-01 11:32:45,039 [Worker-7] INFO  o.e.m.c.i.p.ProjectConfigurationManager - Collecting project info '/pom.xml' D:\gitdemo\FirstMavenDemo\pom.xml
2018-10-01 11:32:45,897 [Worker-7] INFO  o.e.m.c.i.l.LifecycleMappingFactory - Using org.eclipse.m2e.jdt.JarLifecycleMapping lifecycle mapping for MavenProject: com.cg:FirstMavenDemo:0.0.1-SNAPSHOT @ D:\gitdemo\FirstMavenDemo\pom.xml.
2018-10-01 11:32:46,287 [Worker-7] INFO  o.e.m.j.i.AbstractJavaProjectConfigurator - Adding source folder /FirstMavenDemo/src/main/java
2018-10-01 11:32:46,287 [Worker-7] INFO  o.e.m.j.i.AbstractJavaProjectConfigurator - Adding source folder /FirstMavenDemo/src/test/java
2018-10-01 11:32:46,349 [Worker-7] INFO  o.e.m.c.i.p.ProjectConfigurationManager - Imported and configured 1 project(s) in 1 sec
